<?xml version="1.0" encoding="UTF-8"?>
<!-- Generated by org.testng.reporters.JUnitReportReporter -->
<testsuite skipped="0" hostname="Samsung" name="com.selenium.alltopics.HandlingWindows" tests="1" failures="0" timestamp="05 Oct 2018 06:05:34 GMT" time="53.199" errors="0">
  <testcase name="windowhandling" time="53.199" classname="com.selenium.alltopics.HandlingWindows"/>
</testsuite> <!-- com.selenium.alltopics.HandlingWindows -->
