<?xml version="1.0" encoding="UTF-8"?>
<!-- Generated by org.testng.reporters.JUnitReportReporter -->
<testsuite skipped="0" hostname="Samsung" name="com.selenium.alltopics.HandlingAlerts" tests="1" failures="0" timestamp="04 Oct 2018 07:15:50 GMT" time="67.522" errors="0">
  <testcase name="alertHandling" time="67.522" classname="com.selenium.alltopics.HandlingAlerts"/>
</testsuite> <!-- com.selenium.alltopics.HandlingAlerts -->
