<?xml version="1.0" encoding="UTF-8"?>
<!-- Generated by org.testng.reporters.JUnitReportReporter -->
<testsuite skipped="0" hostname="Samsung" name="com.selenium.Practice.mouseEvents" tests="1" failures="0" timestamp="02 Nov 2018 09:46:28 GMT" time="39.262" errors="0">
  <testcase name="mouseEve" time="39.262" classname="com.selenium.Practice.mouseEvents"/>
</testsuite> <!-- com.selenium.Practice.mouseEvents -->
