<?xml version="1.0" encoding="UTF-8"?>
<!-- Generated by org.testng.reporters.JUnitReportReporter -->
<testsuite skipped="0" hostname="Samsung" name="com.selenium.alltopics.DropDown" tests="1" failures="0" timestamp="16 Oct 2018 08:54:01 GMT" time="39.469" errors="0">
  <testcase name="dropdown" time="39.469" classname="com.selenium.alltopics.DropDown"/>
</testsuite> <!-- com.selenium.alltopics.DropDown -->
