<?xml version="1.0" encoding="UTF-8"?>
<!-- Generated by org.testng.reporters.JUnitReportReporter -->
<testsuite skipped="0" hostname="Samsung" name="com.selenium.Practice.ReadingExcel" tests="1" failures="0" timestamp="05 Nov 2018 06:41:05 GMT" time="63.411" errors="0">
  <testcase name="readingexcel" time="63.411" classname="com.selenium.Practice.ReadingExcel"/>
</testsuite> <!-- com.selenium.Practice.ReadingExcel -->
