<?xml version="1.0" encoding="UTF-8"?>
<!-- Generated by org.testng.reporters.JUnitReportReporter -->
<testsuite skipped="0" hostname="Samsung" name="com.selenium.alltopics.ReadExcelData" tests="1" failures="0" timestamp="16 Oct 2018 09:03:16 GMT" time="79.815" errors="0">
  <testcase name="Import" time="79.815" classname="com.selenium.alltopics.ReadExcelData"/>
</testsuite> <!-- com.selenium.alltopics.ReadExcelData -->
