<?xml version="1.0" encoding="UTF-8"?>
<!-- Generated by org.testng.reporters.JUnitReportReporter -->
<testsuite skipped="0" hostname="Samsung" name="com.selenium.Practice.multiWindowPopups" tests="1" failures="0" timestamp="22 Nov 2018 10:22:03 GMT" time="32.744" errors="0">
  <testcase name="WindowPopUp" time="32.744" classname="com.selenium.Practice.multiWindowPopups"/>
</testsuite> <!-- com.selenium.Practice.multiWindowPopups -->
