<?xml version="1.0" encoding="UTF-8"?>
<!-- Generated by org.testng.reporters.JUnitReportReporter -->
<testsuite skipped="0" hostname="Samsung" name="com.selenium.alltopics.ColourDetection" tests="1" failures="0" timestamp="28 Nov 2018 05:02:37 GMT" time="95.330" errors="0">
  <testcase name="colourDET" time="95.330" classname="com.selenium.alltopics.ColourDetection"/>
</testsuite> <!-- com.selenium.alltopics.ColourDetection -->
