<?xml version="1.0" encoding="UTF-8"?>
<!-- Generated by org.testng.reporters.JUnitReportReporter -->
<testsuite skipped="0" hostname="Samsung" name="com.selenium.testng.Xpatths" tests="1" failures="0" timestamp="01 Nov 2018 11:27:19 GMT" time="47.463" errors="0">
  <testcase name="xpath" time="47.463" classname="com.selenium.testng.Xpatths"/>
</testsuite> <!-- com.selenium.testng.Xpatths -->
