<?xml version="1.0" encoding="UTF-8"?>
<!-- Generated by org.testng.reporters.JUnitReportReporter -->
<testsuite skipped="0" hostname="Samsung" name="com.selenium.alltopics.ConfirmationDemo" tests="1" failures="0" timestamp="22 Oct 2018 07:21:46 GMT" time="25.374" errors="0">
  <testcase name="Confirm" time="25.374" classname="com.selenium.alltopics.ConfirmationDemo"/>
</testsuite> <!-- com.selenium.alltopics.ConfirmationDemo -->
