<?xml version="1.0" encoding="UTF-8"?>
<!-- Generated by org.testng.reporters.JUnitReportReporter -->
<testsuite skipped="0" hostname="Samsung" name="com.selenium.Practice.Datepicker" tests="1" failures="0" timestamp="02 Nov 2018 11:07:22 GMT" time="28.263" errors="0">
  <testcase name="dates" time="28.263" classname="com.selenium.Practice.Datepicker"/>
</testsuite> <!-- com.selenium.Practice.Datepicker -->
