<?xml version="1.0" encoding="UTF-8"?>
<!-- Generated by org.testng.reporters.JUnitReportReporter -->
<testsuite skipped="0" hostname="Samsung" name="com.selenium.alltopics.HandlingFrames2" tests="1" failures="0" timestamp="04 Oct 2018 08:01:41 GMT" time="37.185" errors="0">
  <testcase name="handlingframes" time="37.185" classname="com.selenium.alltopics.HandlingFrames2"/>
</testsuite> <!-- com.selenium.alltopics.HandlingFrames2 -->
