<?xml version="1.0" encoding="UTF-8"?>
<!-- Generated by org.testng.reporters.JUnitReportReporter -->
<testsuite skipped="0" hostname="Samsung" name="com.selenium.Practice.PrintFooterLinks" tests="1" failures="0" timestamp="21 Jan 2019 07:10:09 GMT" time="76.774" errors="0">
  <testcase name="footerLinks" time="76.774" classname="com.selenium.Practice.PrintFooterLinks"/>
</testsuite> <!-- com.selenium.Practice.PrintFooterLinks -->
