<?xml version="1.0" encoding="UTF-8"?>
<!-- Generated by org.testng.reporters.JUnitReportReporter -->
<testsuite skipped="0" hostname="Samsung" name="com.selenium.alltopics.ReadExcelData" tests="1" failures="0" timestamp="22 Nov 2018 15:07:36 GMT" time="57.251" errors="0">
  <testcase name="Import" time="57.251" classname="com.selenium.alltopics.ReadExcelData"/>
</testsuite> <!-- com.selenium.alltopics.ReadExcelData -->
