<?xml version="1.0" encoding="UTF-8"?>
<!-- Generated by org.testng.reporters.JUnitReportReporter -->
<testsuite skipped="0" hostname="Samsung" name="com.selenium.alltopics.DropDown" tests="1" failures="0" timestamp="22 Nov 2018 08:33:05 GMT" time="47.538" errors="0">
  <testcase name="dropdown" time="47.538" classname="com.selenium.alltopics.DropDown"/>
</testsuite> <!-- com.selenium.alltopics.DropDown -->
