<?xml version="1.0" encoding="UTF-8"?>
<!-- Generated by org.testng.reporters.JUnitReportReporter -->
<testsuite skipped="0" hostname="Samsung" name="com.selenium.alltopics.MultiDropdown" tests="1" failures="0" timestamp="22 Oct 2018 10:10:37 GMT" time="30.894" errors="0">
  <testcase name="mm" time="30.894" classname="com.selenium.alltopics.MultiDropdown"/>
</testsuite> <!-- com.selenium.alltopics.MultiDropdown -->
