<?xml version="1.0" encoding="UTF-8"?>
<!-- Generated by org.testng.reporters.JUnitReportReporter -->
<testsuite skipped="0" hostname="Samsung" name="com.selenium.alltopics.ExampleSite" tests="1" failures="0" timestamp="23 Oct 2018 11:14:06 GMT" time="91.683" errors="0">
  <testcase name="ExampleSite" time="91.683" classname="com.selenium.alltopics.ExampleSite"/>
</testsuite> <!-- com.selenium.alltopics.ExampleSite -->
