<?xml version="1.0" encoding="UTF-8"?>
<!-- Generated by org.testng.reporters.JUnitReportReporter -->
<testsuite skipped="0" hostname="Samsung" name="com.selenium.alltopics.WriteToExceljxl" tests="1" failures="0" timestamp="08 Oct 2018 10:12:06 GMT" time="19.787" errors="0">
  <testcase name="writejxl" time="19.787" classname="com.selenium.alltopics.WriteToExceljxl"/>
</testsuite> <!-- com.selenium.alltopics.WriteToExceljxl -->
