<?xml version="1.0" encoding="UTF-8"?>
<!-- Generated by org.testng.reporters.JUnitReportReporter -->
<testsuite skipped="0" hostname="Samsung" name="com.selenium.Practice.Autosuggession" tests="1" failures="0" timestamp="02 Nov 2018 08:30:14 GMT" time="26.781" errors="0">
  <testcase name="sugg" time="26.781" classname="com.selenium.Practice.Autosuggession"/>
</testsuite> <!-- com.selenium.Practice.Autosuggession -->
