<?xml version="1.0" encoding="UTF-8"?>
<!-- Generated by org.testng.reporters.JUnitReportReporter -->
<testsuite skipped="0" hostname="Samsung" name="com.selenium.alltopics.gettingcolourAttribute" tests="1" failures="0" timestamp="04 Dec 2018 06:29:52 GMT" time="39.047" errors="0">
  <testcase name="colouratrribute" time="39.047" classname="com.selenium.alltopics.gettingcolourAttribute"/>
</testsuite> <!-- com.selenium.alltopics.gettingcolourAttribute -->
