<?xml version="1.0" encoding="UTF-8"?>
<!-- Generated by org.testng.reporters.JUnitReportReporter -->
<testsuite skipped="0" hostname="Samsung" name="com.selenium.alltopics.ParameterAnnotation" tests="1" failures="0" timestamp="09 Nov 2018 05:47:45 GMT" time="67.614" errors="0">
  <testcase name="parameterAnnotation" time="67.614" classname="com.selenium.alltopics.ParameterAnnotation"/>
</testsuite> <!-- com.selenium.alltopics.ParameterAnnotation -->
