<?xml version="1.0" encoding="UTF-8"?>
<!-- Generated by org.testng.reporters.JUnitReportReporter -->
<testsuite skipped="0" hostname="Samsung" name="com.selenium.seleniumGrid.GridConcept" tests="1" failures="0" timestamp="11 Dec 2018 16:48:17 GMT" time="16.292" errors="0">
  <testcase name="gridconc" time="16.292" classname="com.selenium.seleniumGrid.GridConcept"/>
</testsuite> <!-- com.selenium.seleniumGrid.GridConcept -->
