<?xml version="1.0" encoding="UTF-8"?>
<!-- Generated by org.testng.reporters.JUnitReportReporter -->
<testsuite skipped="0" hostname="Samsung" name="com.selenium.alltopics.AnnotationsOrder" tests="2" failures="0" timestamp="04 Oct 2018 06:02:27 GMT" time="36.545" errors="0">
  <testcase name="test2" time="20.817" classname="com.selenium.alltopics.AnnotationsOrder"/>
  <testcase name="test1" time="15.728" classname="com.selenium.alltopics.AnnotationsOrder"/>
</testsuite> <!-- com.selenium.alltopics.AnnotationsOrder -->
